# JRE version: Java(TM) SE Runtime Environment (8.0_172-b11) (build 1.8.0_172-b11)
# Java VM: Java HotSpot(TM) Client VM (25.172-b11 mixed mode windows-x86 )
Heap:
 def new generation   total 78656K, used 3134K [0x07400000, 0x0c950000, 0x0c950000)
  eden space 69952K,   4% used [0x07400000, 0x0770fb80, 0x0b850000)
  from space 8704K,   0% used [0x0b850000, 0x0b850000, 0x0c0d0000)
  to   space 8704K,   0% used [0x0c0d0000, 0x0c0d0000, 0x0c950000)
 tenured generation   total 174784K, used 3333K [0x0c950000, 0x17400000, 0x17400000)
   the space 174784K,   1% used [0x0c950000, 0x0cc91438, 0x0cc91600, 0x17400000)
 Metaspace       used 6255K, capacity 6495K, committed 6528K, reserved 6528K
GC Heap History (10 events):
Event: 3.936 GC heap before
{Heap before GC invocations=23 (full 8):
 def new generation   total 78656K, used 78655K [0x07400000, 0x0c950000, 0x0c950000)
  eden space 69952K, 100% used [0x07400000, 0x0b850000, 0x0b850000)
  from space 8704K,  99% used [0x0b850000, 0x0c0cffc0, 0x0c0d0000)
  to   space 8704K,   0% used [0x0c0d0000, 0x0c0d0000, 0x0c950000)
 tenured generation   total 174784K, used 174783K [0x0c950000, 0x17400000, 0x17400000)
   the space 174784K,  99% used [0x0c950000, 0x173fffd8, 0x17400000, 0x17400000)
 Metaspace       used 6259K, capacity 6528K, committed 6528K, reserved 6528K
Event: 4.324 GC heap after
Heap after GC invocations=24 (full 9):
 def new generation   total 78656K, used 78655K [0x07400000, 0x0c950000, 0x0c950000)
  eden space 69952K,  99% used [0x07400000, 0x0b84ffe8, 0x0b850000)
  from space 8704K,  99% used [0x0b850000, 0x0c0cffc0, 0x0c0d0000)
  to   space 8704K,   0% used [0x0c0d0000, 0x0c0d0000, 0x0c950000)
 tenured generation   total 174784K, used 174783K [0x0c950000, 0x17400000, 0x17400000)
   the space 174784K,  99% used [0x0c950000, 0x173fffd8, 0x17400000, 0x17400000)
 Metaspace       used 6248K, capacity 6495K, committed 6528K, reserved 6528K
}
Event: 4.324 GC heap before
{Heap before GC invocations=24 (full 9):
 def new generation   total 78656K, used 78655K [0x07400000, 0x0c950000, 0x0c950000)
  eden space 69952K,  99% used [0x07400000, 0x0b84ffe8, 0x0b850000)
  from space 8704K,  99% used [0x0b850000, 0x0c0cffc0, 0x0c0d0000)
  to   space 8704K,   0% used [0x0c0d0000, 0x0c0d0000, 0x0c950000)
 tenured generation   total 174784K, used 174783K [0x0c950000, 0x17400000, 0x17400000)
   the space 174784K,  99% used [0x0c950000, 0x173fffd8, 0x17400000, 0x17400000)
 Metaspace       used 6248K, capacity 6495K, committed 6528K, reserved 6528K
Event: 4.778 GC heap after
Heap after GC invocations=25 (full 10):
 def new generation   total 78656K, used 78115K [0x07400000, 0x0c950000, 0x0c950000)
  eden space 69952K,  99% used [0x07400000, 0x0b84ffe8, 0x0b850000)
  from space 8704K,  93% used [0x0b850000, 0x0c048f20, 0x0c0d0000)
  to   space 8704K,   0% used [0x0c0d0000, 0x0c0d0000, 0x0c950000)
 tenured generation   total 174784K, used 174783K [0x0c950000, 0x17400000, 0x17400000)
   the space 174784K,  99% used [0x0c950000, 0x173fffb8, 0x17400000, 0x17400000)
 Metaspace       used 6248K, capacity 6495K, committed 6528K, reserved 6528K
}
Event: 4.780 GC heap before
{Heap before GC invocations=25 (full 10):
 def new generation   total 78656K, used 78655K [0x07400000, 0x0c950000, 0x0c950000)
  eden space 69952K, 100% used [0x07400000, 0x0b850000, 0x0b850000)
  from space 8704K,  99% used [0x0b850000, 0x0c0cffe0, 0x0c0d0000)
  to   space 8704K,   0% used [0x0c0d0000, 0x0c0d0000, 0x0c950000)
 tenured generation   total 174784K, used 174783K [0x0c950000, 0x17400000, 0x17400000)
   the space 174784K,  99% used [0x0c950000, 0x173fffb8, 0x17400000, 0x17400000)
 Metaspace       used 6248K, capacity 6495K, committed 6528K, reserved 6528K
Event: 5.171 GC heap after
Heap after GC invocations=26 (full 11):
 def new generation   total 78656K, used 78655K [0x07400000, 0x0c950000, 0x0c950000)
  eden space 69952K, 100% used [0x07400000, 0x0b850000, 0x0b850000)
  from space 8704K,  99% used [0x0b850000, 0x0c0cffe0, 0x0c0d0000)
  to   space 8704K,   0% used [0x0c0d0000, 0x0c0d0000, 0x0c950000)
 tenured generation   total 174784K, used 174783K [0x0c950000, 0x17400000, 0x17400000)
   the space 174784K,  99% used [0x0c950000, 0x173fffb8, 0x17400000, 0x17400000)
 Metaspace       used 6248K, capacity 6495K, committed 6528K, reserved 6528K
}
Event: 5.171 GC heap before
{Heap before GC invocations=26 (full 11):
 def new generation   total 78656K, used 78655K [0x07400000, 0x0c950000, 0x0c950000)
  eden space 69952K, 100% used [0x07400000, 0x0b850000, 0x0b850000)
  from space 8704K,  99% used [0x0b850000, 0x0c0cffe0, 0x0c0d0000)
  to   space 8704K,   0% used [0x0c0d0000, 0x0c0d0000, 0x0c950000)
 tenured generation   total 174784K, used 174783K [0x0c950000, 0x17400000, 0x17400000)
   the space 174784K,  99% used [0x0c950000, 0x173fffb8, 0x17400000, 0x17400000)
 Metaspace       used 6248K, capacity 6495K, committed 6528K, reserved 6528K
Event: 5.555 GC heap after
Heap after GC invocations=27 (full 12):
 def new generation   total 78656K, used 78655K [0x07400000, 0x0c950000, 0x0c950000)
  eden space 69952K, 100% used [0x07400000, 0x0b850000, 0x0b850000)
  from space 8704K,  99% used [0x0b850000, 0x0c0cffe0, 0x0c0d0000)
  to   space 8704K,   0% used [0x0c0d0000, 0x0c0d0000, 0x0c950000)
 tenured generation   total 174784K, used 174783K [0x0c950000, 0x17400000, 0x17400000)
   the space 174784K,  99% used [0x0c950000, 0x173fffb8, 0x17400000, 0x17400000)
 Metaspace       used 6248K, capacity 6495K, committed 6528K, reserved 6528K
}
Event: 5.555 GC heap before
{Heap before GC invocations=27 (full 12):
 def new generation   total 78656K, used 78656K [0x07400000, 0x0c950000, 0x0c950000)
  eden space 69952K, 100% used [0x07400000, 0x0b850000, 0x0b850000)
  from space 8704K, 100% used [0x0b850000, 0x0c0d0000, 0x0c0d0000)
  to   space 8704K,   0% used [0x0c0d0000, 0x0c0d0000, 0x0c950000)
 tenured generation   total 174784K, used 174783K [0x0c950000, 0x17400000, 0x17400000)
   the space 174784K,  99% used [0x0c950000, 0x173fffe8, 0x17400000, 0x17400000)
 Metaspace       used 6248K, capacity 6495K, committed 6528K, reserved 6528K
Event: 5.589 GC heap after
Heap after GC invocations=28 (full 13):
 def new generation   total 78656K, used 0K [0x07400000, 0x0c950000, 0x0c950000)
  eden space 69952K,   0% used [0x07400000, 0x07400000, 0x0b850000)
  from space 8704K,   0% used [0x0b850000, 0x0b850000, 0x0c0d0000)
  to   space 8704K,   0% used [0x0c0d0000, 0x0c0d0000, 0x0c950000)
 tenured generation   total 174784K, used 3333K [0x0c950000, 0x17400000, 0x17400000)
   the space 174784K,   1% used [0x0c950000, 0x0cc91438, 0x0cc91600, 0x17400000)
 Metaspace       used 6248K, capacity 6495K, committed 6528K, reserved 6528K
}

