# JRE version: Java(TM) SE Runtime Environment (8.0_172-b11) (build 1.8.0_172-b11)
# Java VM: Java HotSpot(TM) Client VM (25.172-b11 mixed mode, sharing windows-x86 )
Heap:
 def new generation   total 78656K, used 3315K [0x04a00000, 0x09f50000, 0x09f50000)
  eden space 69952K,   4% used [0x04a00000, 0x04d3cf50, 0x08e50000)
  from space 8704K,   0% used [0x08e50000, 0x08e50000, 0x096d0000)
  to   space 8704K,   0% used [0x096d0000, 0x096d0000, 0x09f50000)
 tenured generation   total 174784K, used 3334K [0x09f50000, 0x14a00000, 0x14a00000)
   the space 174784K,   1% used [0x09f50000, 0x0a291a30, 0x0a291c00, 0x14a00000)
 Metaspace       used 3202K, capacity 4759K, committed 4864K, reserved 5504K
GC Heap History (10 events):
Event: 3.845 GC heap before
{Heap before GC invocations=23 (full 8):
 def new generation   total 78656K, used 78655K [0x04a00000, 0x09f50000, 0x09f50000)
  eden space 69952K, 100% used [0x04a00000, 0x08e50000, 0x08e50000)
  from space 8704K,  99% used [0x08e50000, 0x096cfff8, 0x096d0000)
  to   space 8704K,   0% used [0x096d0000, 0x096d0000, 0x09f50000)
 tenured generation   total 174784K, used 174783K [0x09f50000, 0x14a00000, 0x14a00000)
   the space 174784K,  99% used [0x09f50000, 0x149ffff8, 0x14a00000, 0x14a00000)
 Metaspace       used 3213K, capacity 4792K, committed 4864K, reserved 5504K
Event: 4.223 GC heap after
Heap after GC invocations=24 (full 9):
 def new generation   total 78656K, used 78655K [0x04a00000, 0x09f50000, 0x09f50000)
  eden space 69952K, 100% used [0x04a00000, 0x08e50000, 0x08e50000)
  from space 8704K,  99% used [0x08e50000, 0x096cfff8, 0x096d0000)
  to   space 8704K,   0% used [0x096d0000, 0x096d0000, 0x09f50000)
 tenured generation   total 174784K, used 174783K [0x09f50000, 0x14a00000, 0x14a00000)
   the space 174784K,  99% used [0x09f50000, 0x149ffff8, 0x14a00000, 0x14a00000)
 Metaspace       used 3202K, capacity 4759K, committed 4864K, reserved 5504K
}
Event: 4.223 GC heap before
{Heap before GC invocations=24 (full 9):
 def new generation   total 78656K, used 78655K [0x04a00000, 0x09f50000, 0x09f50000)
  eden space 69952K, 100% used [0x04a00000, 0x08e50000, 0x08e50000)
  from space 8704K,  99% used [0x08e50000, 0x096cfff8, 0x096d0000)
  to   space 8704K,   0% used [0x096d0000, 0x096d0000, 0x09f50000)
 tenured generation   total 174784K, used 174783K [0x09f50000, 0x14a00000, 0x14a00000)
   the space 174784K,  99% used [0x09f50000, 0x149ffff8, 0x14a00000, 0x14a00000)
 Metaspace       used 3202K, capacity 4759K, committed 4864K, reserved 5504K
Event: 4.682 GC heap after
Heap after GC invocations=25 (full 10):
 def new generation   total 78656K, used 78115K [0x04a00000, 0x09f50000, 0x09f50000)
  eden space 69952K,  99% used [0x04a00000, 0x08e4ffe8, 0x08e50000)
  from space 8704K,  93% used [0x08e50000, 0x09648f70, 0x096d0000)
  to   space 8704K,   0% used [0x096d0000, 0x096d0000, 0x09f50000)
 tenured generation   total 174784K, used 174783K [0x09f50000, 0x14a00000, 0x14a00000)
   the space 174784K,  99% used [0x09f50000, 0x149fffd8, 0x14a00000, 0x14a00000)
 Metaspace       used 3202K, capacity 4759K, committed 4864K, reserved 5504K
}
Event: 4.684 GC heap before
{Heap before GC invocations=25 (full 10):
 def new generation   total 78656K, used 78655K [0x04a00000, 0x09f50000, 0x09f50000)
  eden space 69952K, 100% used [0x04a00000, 0x08e50000, 0x08e50000)
  from space 8704K,  99% used [0x08e50000, 0x096cfff8, 0x096d0000)
  to   space 8704K,   0% used [0x096d0000, 0x096d0000, 0x09f50000)
 tenured generation   total 174784K, used 174783K [0x09f50000, 0x14a00000, 0x14a00000)
   the space 174784K,  99% used [0x09f50000, 0x149ffff8, 0x14a00000, 0x14a00000)
 Metaspace       used 3202K, capacity 4759K, committed 4864K, reserved 5504K
Event: 5.089 GC heap after
Heap after GC invocations=26 (full 11):
 def new generation   total 78656K, used 78655K [0x04a00000, 0x09f50000, 0x09f50000)
  eden space 69952K, 100% used [0x04a00000, 0x08e50000, 0x08e50000)
  from space 8704K,  99% used [0x08e50000, 0x096cfff8, 0x096d0000)
  to   space 8704K,   0% used [0x096d0000, 0x096d0000, 0x09f50000)
 tenured generation   total 174784K, used 174783K [0x09f50000, 0x14a00000, 0x14a00000)
   the space 174784K,  99% used [0x09f50000, 0x149ffff8, 0x14a00000, 0x14a00000)
 Metaspace       used 3202K, capacity 4759K, committed 4864K, reserved 5504K
}
Event: 5.089 GC heap before
{Heap before GC invocations=26 (full 11):
 def new generation   total 78656K, used 78655K [0x04a00000, 0x09f50000, 0x09f50000)
  eden space 69952K, 100% used [0x04a00000, 0x08e50000, 0x08e50000)
  from space 8704K,  99% used [0x08e50000, 0x096cfff8, 0x096d0000)
  to   space 8704K,   0% used [0x096d0000, 0x096d0000, 0x09f50000)
 tenured generation   total 174784K, used 174783K [0x09f50000, 0x14a00000, 0x14a00000)
   the space 174784K,  99% used [0x09f50000, 0x149ffff8, 0x14a00000, 0x14a00000)
 Metaspace       used 3202K, capacity 4759K, committed 4864K, reserved 5504K
Event: 5.473 GC heap after
Heap after GC invocations=27 (full 12):
 def new generation   total 78656K, used 78655K [0x04a00000, 0x09f50000, 0x09f50000)
  eden space 69952K, 100% used [0x04a00000, 0x08e50000, 0x08e50000)
  from space 8704K,  99% used [0x08e50000, 0x096cfff8, 0x096d0000)
  to   space 8704K,   0% used [0x096d0000, 0x096d0000, 0x09f50000)
 tenured generation   total 174784K, used 174783K [0x09f50000, 0x14a00000, 0x14a00000)
   the space 174784K,  99% used [0x09f50000, 0x149ffff8, 0x14a00000, 0x14a00000)
 Metaspace       used 3202K, capacity 4759K, committed 4864K, reserved 5504K
}
Event: 5.473 GC heap before
{Heap before GC invocations=27 (full 12):
 def new generation   total 78656K, used 78655K [0x04a00000, 0x09f50000, 0x09f50000)
  eden space 69952K, 100% used [0x04a00000, 0x08e50000, 0x08e50000)
  from space 8704K,  99% used [0x08e50000, 0x096cfff8, 0x096d0000)
  to   space 8704K,   0% used [0x096d0000, 0x096d0000, 0x09f50000)
 tenured generation   total 174784K, used 174783K [0x09f50000, 0x14a00000, 0x14a00000)
   the space 174784K,  99% used [0x09f50000, 0x149ffff8, 0x14a00000, 0x14a00000)
 Metaspace       used 3202K, capacity 4759K, committed 4864K, reserved 5504K
Event: 5.506 GC heap after
Heap after GC invocations=28 (full 13):
 def new generation   total 78656K, used 0K [0x04a00000, 0x09f50000, 0x09f50000)
  eden space 69952K,   0% used [0x04a00000, 0x04a00000, 0x08e50000)
  from space 8704K,   0% used [0x08e50000, 0x08e50000, 0x096d0000)
  to   space 8704K,   0% used [0x096d0000, 0x096d0000, 0x09f50000)
 tenured generation   total 174784K, used 3334K [0x09f50000, 0x14a00000, 0x14a00000)
   the space 174784K,   1% used [0x09f50000, 0x0a291a30, 0x0a291c00, 0x14a00000)
 Metaspace       used 3202K, capacity 4759K, committed 4864K, reserved 5504K
}

